<?xml version="1.0" encoding="UTF-8"?>
<testsuite xmlns:xsi="http://www.w3.org/2001/XMLSchema-instance" xsi:noNamespaceSchemaLocation="https://maven.apache.org/surefire/maven-surefire-plugin/xsd/surefire-test-report.xsd" version="3.0.2" name="utu.nosql.proyecto.ProyectoApplicationTests" time="4.352" tests="1" errors="0" skipped="0" failures="0">
  <properties>
[...]
</properties>
  <testcase name="contextLoads" classname="utu.nosql.proyecto.ProyectoApplicationTests" time="0.594">
    <system-out><![CDATA[11:48:46.118 [main] INFO org.springframework.test.context.support.AnnotationConfigContextLoaderUtils -- Could not detect default configuration classes for test class [utu.nosql.proyecto.ProyectoApplicationTests]: ProyectoApplicationTests does not declare any static, non-private, non-final, nested classes annotated with @Configuration.
11:48:46.188 [main] INFO org.springframework.boot.test.context.SpringBootTestContextBootstrapper -- Found @SpringBootConfiguration utu.nosql.proyecto.ProyectoApplication for test class utu.nosql.proyecto.ProyectoApplicationTests

  .   ____          _            __ _ _
 /\\ / ___'_ __ _ _(_)_ __  __ _ \ \ \ \
( ( )\___ | '_ | '_| | '_ \/ _` | \ \ \ \
 \\/  ___)| |_)| | | | | || (_| |  ) ) ) )
  '  |____| .__|_| |_|_| |_\__, | / / / /
 =========|_|==============|___/=/_/_/_/

 :: Spring Boot ::                (v3.4.0)

2024-11-27T11:48:46.405-03:00  INFO 151883 --- [proyecto] [           main] u.n.proyecto.ProyectoApplicationTests    : Starting ProyectoApplicationTests using Java 21.0.5 with PID 151883 (started by cgonzalez in /home/cgonzalez/Documentos/noSQL/proyecto)
2024-11-27T11:48:46.405-03:00  INFO 151883 --- [proyecto] [           main] u.n.proyecto.ProyectoApplicationTests    : No active profile set, falling back to 1 default profile: "default"
2024-11-27T11:48:46.995-03:00  INFO 151883 --- [proyecto] [           main] .s.d.r.c.RepositoryConfigurationDelegate : Multiple Spring Data modules found, entering strict repository configuration mode
2024-11-27T11:48:46.995-03:00  INFO 151883 --- [proyecto] [           main] .s.d.r.c.RepositoryConfigurationDelegate : Bootstrapping Spring Data MongoDB repositories in DEFAULT mode.
2024-11-27T11:48:47.025-03:00  INFO 151883 --- [proyecto] [           main] .s.d.r.c.RepositoryConfigurationDelegate : Finished Spring Data repository scanning in 25 ms. Found 1 MongoDB repository interface.
2024-11-27T11:48:47.700-03:00  INFO 151883 --- [proyecto] [           main] org.mongodb.driver.client                : MongoClient with metadata {"driver": {"name": "mongo-java-driver|sync|spring-boot", "version": "5.2.1"}, "os": {"type": "Linux", "name": "Linux", "architecture": "amd64", "version": "5.14.0-533.el9.x86_64"}, "platform": "Java/Red Hat, Inc./21.0.5+11-LTS"} created with settings MongoClientSettings{readPreference=primary, writeConcern=WriteConcern{w=null, wTimeout=null ms, journal=null}, retryWrites=true, retryReads=true, readConcern=ReadConcern{level=null}, credential=MongoCredential{mechanism=null, userName='cristianuruuy', source='admin', password=<hidden>, mechanismProperties=<hidden>}, transportSettings=null, commandListeners=[io.micrometer.core.instrument.binder.mongodb.MongoMetricsCommandListener@4ae8fb2a], codecRegistry=ProvidersCodecRegistry{codecProviders=[ValueCodecProvider{}, BsonValueCodecProvider{}, DBRefCodecProvider{}, DBObjectCodecProvider{}, DocumentCodecProvider{}, CollectionCodecProvider{}, IterableCodecProvider{}, MapCodecProvider{}, GeoJsonCodecProvider{}, GridFSFileCodecProvider{}, Jsr310CodecProvider{}, JsonObjectCodecProvider{}, BsonCodecProvider{}, EnumCodecProvider{}, com.mongodb.client.model.mql.ExpressionCodecProvider@755a7218, com.mongodb.Jep395RecordCodecProvider@70c29356, com.mongodb.KotlinCodecProvider@5122e4bf]}, loggerSettings=LoggerSettings{maxDocumentLength=1000}, clusterSettings={hosts=[127.0.0.1:27017], srvHost=cluster0.tmv8fk5.mongodb.net, srvServiceName=mongodb, mode=MULTIPLE, requiredClusterType=REPLICA_SET, requiredReplicaSetName='atlas-o2aema-shard-0', serverSelector='null', clusterListeners='[]', serverSelectionTimeout='30000 ms', localThreshold='15 ms'}, socketSettings=SocketSettings{connectTimeoutMS=10000, readTimeoutMS=0, receiveBufferSize=0, proxySettings=ProxySettings{host=null, port=null, username=null, password=null}}, heartbeatSocketSettings=SocketSettings{connectTimeoutMS=10000, readTimeoutMS=10000, receiveBufferSize=0, proxySettings=ProxySettings{host=null, port=null, username=null, password=null}}, connectionPoolSettings=ConnectionPoolSettings{maxSize=100, minSize=0, maxWaitTimeMS=120000, maxConnectionLifeTimeMS=0, maxConnectionIdleTimeMS=0, maintenanceInitialDelayMS=0, maintenanceFrequencyMS=60000, connectionPoolListeners=[io.micrometer.core.instrument.binder.mongodb.MongoMetricsConnectionPoolListener@4466cf5d], maxConnecting=2}, serverSettings=ServerSettings{heartbeatFrequencyMS=10000, minHeartbeatFrequencyMS=500, serverMonitoringMode=AUTO, serverListeners='[]', serverMonitorListeners='[]'}, sslSettings=SslSettings{enabled=true, invalidHostNameAllowed=false, context=null}, applicationName='null', compressorList=[], uuidRepresentation=JAVA_LEGACY, serverApi=null, autoEncryptionSettings=null, dnsClient=null, inetAddressResolver=null, contextProvider=null, timeoutMS=null}
2024-11-27T11:48:47.781-03:00  INFO 151883 --- [proyecto] [fk5.mongodb.net] org.mongodb.driver.cluster               : Adding discovered server ac-xbuml7z-shard-00-00.tmv8fk5.mongodb.net:27017 to client view of cluster
2024-11-27T11:48:47.813-03:00  INFO 151883 --- [proyecto] [fk5.mongodb.net] org.mongodb.driver.cluster               : Adding discovered server ac-xbuml7z-shard-00-01.tmv8fk5.mongodb.net:27017 to client view of cluster
2024-11-27T11:48:47.817-03:00  INFO 151883 --- [proyecto] [fk5.mongodb.net] org.mongodb.driver.cluster               : Adding discovered server ac-xbuml7z-shard-00-02.tmv8fk5.mongodb.net:27017 to client view of cluster
2024-11-27T11:48:49.224-03:00  INFO 151883 --- [proyecto] [ngodb.net:27017] org.mongodb.driver.cluster               : Monitor thread successfully connected to server with description ServerDescription{address=ac-xbuml7z-shard-00-02.tmv8fk5.mongodb.net:27017, type=REPLICA_SET_SECONDARY, cryptd=false, state=CONNECTED, ok=true, minWireVersion=0, maxWireVersion=25, maxDocumentSize=16777216, logicalSessionTimeoutMinutes=30, roundTripTimeNanos=967672479, minRoundTripTimeNanos=0, setName='atlas-o2aema-shard-0', canonicalAddress=ac-xbuml7z-shard-00-02.tmv8fk5.mongodb.net:27017, hosts=[ac-xbuml7z-shard-00-00.tmv8fk5.mongodb.net:27017, ac-xbuml7z-shard-00-01.tmv8fk5.mongodb.net:27017, ac-xbuml7z-shard-00-02.tmv8fk5.mongodb.net:27017], passives=[], arbiters=[], primary='ac-xbuml7z-shard-00-01.tmv8fk5.mongodb.net:27017', tagSet=TagSet{[Tag{name='availabilityZone', value='use1-az5'}, Tag{name='diskState', value='READY'}, Tag{name='nodeType', value='ELECTABLE'}, Tag{name='provider', value='AWS'}, Tag{name='region', value='US_EAST_1'}, Tag{name='workloadType', value='OPERATIONAL'}]}, electionId=null, setVersion=193, topologyVersion=TopologyVersion{processId=67464238eed4e469a5afb772, counter=3}, lastWriteDate=Wed Nov 27 11:48:49 ART 2024, lastUpdateTimeNanos=13021268854169}
2024-11-27T11:48:49.224-03:00  INFO 151883 --- [proyecto] [ngodb.net:27017] org.mongodb.driver.cluster               : Monitor thread successfully connected to server with description ServerDescription{address=ac-xbuml7z-shard-00-01.tmv8fk5.mongodb.net:27017, type=REPLICA_SET_PRIMARY, cryptd=false, state=CONNECTED, ok=true, minWireVersion=0, maxWireVersion=25, maxDocumentSize=16777216, logicalSessionTimeoutMinutes=30, roundTripTimeNanos=973284405, minRoundTripTimeNanos=0, setName='atlas-o2aema-shard-0', canonicalAddress=ac-xbuml7z-shard-00-01.tmv8fk5.mongodb.net:27017, hosts=[ac-xbuml7z-shard-00-00.tmv8fk5.mongodb.net:27017, ac-xbuml7z-shard-00-01.tmv8fk5.mongodb.net:27017, ac-xbuml7z-shard-00-02.tmv8fk5.mongodb.net:27017], passives=[], arbiters=[], primary='ac-xbuml7z-shard-00-01.tmv8fk5.mongodb.net:27017', tagSet=TagSet{[Tag{name='availabilityZone', value='use1-az2'}, Tag{name='diskState', value='READY'}, Tag{name='nodeType', value='ELECTABLE'}, Tag{name='provider', value='AWS'}, Tag{name='region', value='US_EAST_1'}, Tag{name='workloadType', value='OPERATIONAL'}]}, electionId=7fffffff00000000000001e6, setVersion=193, topologyVersion=TopologyVersion{processId=67463fd17a74859bb0796a3c, counter=6}, lastWriteDate=Wed Nov 27 11:48:49 ART 2024, lastUpdateTimeNanos=13021268852320}
2024-11-27T11:48:49.225-03:00  INFO 151883 --- [proyecto] [ngodb.net:27017] org.mongodb.driver.cluster               : Monitor thread successfully connected to server with description ServerDescription{address=ac-xbuml7z-shard-00-00.tmv8fk5.mongodb.net:27017, type=REPLICA_SET_SECONDARY, cryptd=false, state=CONNECTED, ok=true, minWireVersion=0, maxWireVersion=25, maxDocumentSize=16777216, logicalSessionTimeoutMinutes=30, roundTripTimeNanos=973342375, minRoundTripTimeNanos=0, setName='atlas-o2aema-shard-0', canonicalAddress=ac-xbuml7z-shard-00-00.tmv8fk5.mongodb.net:27017, hosts=[ac-xbuml7z-shard-00-00.tmv8fk5.mongodb.net:27017, ac-xbuml7z-shard-00-01.tmv8fk5.mongodb.net:27017, ac-xbuml7z-shard-00-02.tmv8fk5.mongodb.net:27017], passives=[], arbiters=[], primary='ac-xbuml7z-shard-00-01.tmv8fk5.mongodb.net:27017', tagSet=TagSet{[Tag{name='availabilityZone', value='use1-az1'}, Tag{name='diskState', value='READY'}, Tag{name='nodeType', value='ELECTABLE'}, Tag{name='provider', value='AWS'}, Tag{name='region', value='US_EAST_1'}, Tag{name='workloadType', value='OPERATIONAL'}]}, electionId=null, setVersion=193, topologyVersion=TopologyVersion{processId=67463d33352d996cc342962e, counter=4}, lastWriteDate=Wed Nov 27 11:48:49 ART 2024, lastUpdateTimeNanos=13021268852268}
2024-11-27T11:48:49.229-03:00  INFO 151883 --- [proyecto] [ngodb.net:27017] org.mongodb.driver.cluster               : Discovered replica set primary ac-xbuml7z-shard-00-01.tmv8fk5.mongodb.net:27017 with max election id 7fffffff00000000000001e6 and max set version 193
2024-11-27T11:48:49.615-03:00  INFO 151883 --- [proyecto] [           main] o.s.b.a.e.web.EndpointLinksResolver      : Exposing 1 endpoint beneath base path '/actuator'
2024-11-27T11:48:49.689-03:00  INFO 151883 --- [proyecto] [           main] u.n.proyecto.ProyectoApplicationTests    : Started ProyectoApplicationTests in 3.437 seconds (process running for 3.929)
]]></system-out>
    <system-err><![CDATA[Mockito is currently self-attaching to enable the inline-mock-maker. This will no longer work in future releases of the JDK. Please add Mockito as an agent to your build what is described in Mockito's documentation: https://javadoc.io/doc/org.mockito/mockito-core/latest/org/mockito/Mockito.html#0.3
WARNING: A Java agent has been loaded dynamically (/home/cgonzalez/.m2/repository/net/bytebuddy/byte-buddy-agent/1.15.10/byte-buddy-agent-1.15.10.jar)
WARNING: If a serviceability tool is in use, please run with -XX:+EnableDynamicAgentLoading to hide this warning
WARNING: If a serviceability tool is not in use, please run with -Djdk.instrument.traceUsage for more information
WARNING: Dynamic loading of agents will be disallowed by default in a future release
]]></system-err>
  </testcase>
</testsuite>